Arguments: 
  /Users/chenjianhua/.nvm/versions/node/v20.11.0/bin/node /usr/local/Cellar/yarn/1.22.17/libexec/bin/yarn.js

PATH: 
  /opt/anaconda3/bin:/Users/chenjianhua/.nvm/versions/node/v20.11.0/bin:node_modules/.bin:/usr/local/mongodb/bin:/usr/local/mongodb/bin:/usr/local/bin:/usr/local/sbin:/usr/local/bin:/usr/bin:/bin:/usr/sbin:/sbin:/usr/local/go/bin:/Library/Apple/usr/bin

Yarn version: 
  1.22.17

Node version: 
  20.11.0

Platform: 
  darwin x64

Trace: 
  Error: ENOENT: no such file or directory, copyfile '/Users/chenjianhua/Library/Caches/Yarn/v6/npm-globals-13.24.0-8432a19d78ce0c1e833949c36adb345400bb1171-integrity/node_modules/globals/globals.json' -> '/Volumes/Expansion/study/writeReact/node_modules/@eslint/eslintrc/node_modules/globals/globals.json'

npm manifest: 
  {
  	"name": "writeReact",
  	"version": "1.0.0",
  	"description": "",
  	"main": "index.js",
  	"scripts": {
  		"lint": "eslint --ext .js,.ts,.jsx,.tsx --fix --quiet ./packages",
  		"build:dev": "rimraf dist && rollup --bundleConfigAsCjs --config scripts/rollup/dev.config.js",
  		"demo": "vite serve demo/test-fc --config scripts/vite/vite.config.js --force",
  		"test": "jest --config scripts/jest/jest.config.js"
  	},
  	"keywords": [],
  	"author": "",
  	"license": "ISC",
  	"devDependencies": {
  		"@babel/core": "^7.24.7",
  		"@babel/plugin-transform-react-jsx": "^7.24.7",
  		"@babel/preset-env": "^7.24.7",
  		"@commitlint/cli": "^19.2.1",
  		"@commitlint/config-conventional": "^19.1.0",
  		"@rollup/plugin-alias": "^5.1.0",
  		"@rollup/plugin-commonjs": "^25.0.8",
  		"@types/react": "^18.0.24",
  		"@types/react-dom": "^18.0.8",
  		"@vitejs/plugin-react": "^2.2.0",
  		"commitlint": "^19.2.1",
  		"eslint": "^8.57.0",
  		"eslint-config-prettier": "^9.1.0",
  		"eslint-plugin-prettier": "^5.1.3",
  		"husky": "^9.0.11",
  		"jest": "^29.7.0",
  		"jest-config": "^29.7.0",
  		"jest-environment-jsdom": "^29.7.0",
  		"parser": "link:@typescript-eslint/eslint-plugin,@typescript-eslint/parser",
  		"prettier": "^3.2.5",
  		"rimraf": "^5.0.7",
  		"rollup": "^4.13.0",
  		"rollup-plugin-generate-package-json": "^3.2.0",
  		"rollup-plugin-typescript2": "^0.36.0",
  		"typescript": "^5.4.3",
  		"vite": "^3.2.3"
  	},
  	"dependencies": {
  		"@rollup/plugin-replace": "^5.0.5"
  	}
  }

yarn manifest: 
  No manifest

Lockfile: 
  No lockfile
